<?xml version="1.0" encoding="UTF-8" ?>
<testsuite tests="2" failures="2" name="tests.GmailLoginTest" time="91.369" errors="0" skipped="0">
  <properties>
    <property name="java.runtime.name" value="Java(TM) SE Runtime Environment"/>
    <property name="sun.boot.library.path" value="C:\Program Files\Java\jdk1.8.0_60\jre\bin"/>
    <property name="java.vm.version" value="25.60-b23"/>
    <property name="user.country.format" value="UA"/>
    <property name="java.vm.vendor" value="Oracle Corporation"/>
    <property name="maven.multiModuleProjectDirectory" value="C:\Users\Nazar\workspace\CelesioEMTA"/>
    <property name="java.vendor.url" value="http://java.oracle.com/"/>
    <property name="path.separator" value=";"/>
    <property name="guice.disable.misplaced.annotation.check" value="true"/>
    <property name="java.vm.name" value="Java HotSpot(TM) 64-Bit Server VM"/>
    <property name="file.encoding.pkg" value="sun.io"/>
    <property name="user.script" value=""/>
    <property name="user.country" value="RU"/>
    <property name="sun.java.launcher" value="SUN_STANDARD"/>
    <property name="sun.os.patch.level" value="Service Pack 1"/>
    <property name="java.vm.specification.name" value="Java Virtual Machine Specification"/>
    <property name="user.dir" value="C:\Users\Nazar\workspace\CelesioEMTA"/>
    <property name="webdriver.driver" value="firefox"/>
    <property name="java.runtime.version" value="1.8.0_60-b27"/>
    <property name="java.awt.graphicsenv" value="sun.awt.Win32GraphicsEnvironment"/>
    <property name="java.endorsed.dirs" value="C:\Program Files\Java\jdk1.8.0_60\jre\lib\endorsed"/>
    <property name="os.arch" value="amd64"/>
    <property name="java.io.tmpdir" value="C:\Users\Nazar\AppData\Local\Temp\"/>
    <property name="line.separator" value="
"/>
    <property name="java.vm.specification.vendor" value="Oracle Corporation"/>
    <property name="user.variant" value=""/>
    <property name="os.name" value="Windows 7"/>
    <property name="classworlds.conf" value="C:\Program Files\apache-maven-3.3.3\bin\m2.conf"/>
    <property name="sun.jnu.encoding" value="Cp1251"/>
    <property name="java.library.path" value="C:\Program Files\Java\jdk1.8.0_60\bin;C:\Windows\Sun\Java\bin;C:\Windows\system32;C:\Windows;C:\ProgramData\Oracle\Java\javapath;C:\Windows\system32;C:\Windows;C:\Windows\System32\Wbem;C:\Windows\System32\WindowsPowerShell\v1.0\;C:\Program Files\Broadcom\Broadcom 802.11 Network Adapter\Driver;C:\Program Files (x86)\ATI Technologies\ATI.ACE\Core-Static;C:\Program Files\apache-maven-3.3.3\bin;C:\Program Files\apache-maven-3.3.3\bin\;C:\Program Files (x86)\Skype\Phone\;C:\Program Files (x86)\Java\jre1.8.0_60;C:\Program Files\apache-maven-3.3.3;C:\Program Files\Java\jdk1.8.0_60;D:\PrInstall\UFTr\bin;C:\Ruby193\bin;."/>
    <property name="java.specification.name" value="Java Platform API Specification"/>
    <property name="java.class.version" value="52.0"/>
    <property name="sun.management.compiler" value="HotSpot 64-Bit Tiered Compilers"/>
    <property name="os.version" value="6.1"/>
    <property name="user.home" value="C:\Users\Nazar"/>
    <property name="user.timezone" value="Europe/Helsinki"/>
    <property name="java.awt.printerjob" value="sun.awt.windows.WPrinterJob"/>
    <property name="java.specification.version" value="1.8"/>
    <property name="file.encoding" value="Cp1251"/>
    <property name="user.name" value="Nazar"/>
    <property name="java.class.path" value="C:\Program Files\apache-maven-3.3.3\boot\plexus-classworlds-2.5.2.jar"/>
    <property name="java.vm.specification.version" value="1.8"/>
    <property name="sun.arch.data.model" value="64"/>
    <property name="java.home" value="C:\Program Files\Java\jdk1.8.0_60\jre"/>
    <property name="sun.java.command" value="org.codehaus.plexus.classworlds.launcher.Launcher clean verify -Dwebdriver.driver=firefox"/>
    <property name="java.specification.vendor" value="Oracle Corporation"/>
    <property name="user.language" value="ru"/>
    <property name="user.language.format" value="uk"/>
    <property name="awt.toolkit" value="sun.awt.windows.WToolkit"/>
    <property name="java.vm.info" value="mixed mode"/>
    <property name="java.version" value="1.8.0_60"/>
    <property name="java.ext.dirs" value="C:\Program Files\Java\jdk1.8.0_60\jre\lib\ext;C:\Windows\Sun\Java\lib\ext"/>
    <property name="sun.boot.class.path" value="C:\Program Files\Java\jdk1.8.0_60\jre\lib\resources.jar;C:\Program Files\Java\jdk1.8.0_60\jre\lib\rt.jar;C:\Program Files\Java\jdk1.8.0_60\jre\lib\sunrsasign.jar;C:\Program Files\Java\jdk1.8.0_60\jre\lib\jsse.jar;C:\Program Files\Java\jdk1.8.0_60\jre\lib\jce.jar;C:\Program Files\Java\jdk1.8.0_60\jre\lib\charsets.jar;C:\Program Files\Java\jdk1.8.0_60\jre\lib\jfr.jar;C:\Program Files\Java\jdk1.8.0_60\jre\classes;D:\PrInstall\UFTr\bin\java_shared\classes;D:\PrInstall\UFTr\bin\java_shared\classes\jasmine.jar"/>
    <property name="sun.stderr.encoding" value="cp866"/>
    <property name="java.vendor" value="Oracle Corporation"/>
    <property name="maven.home" value="C:\Program Files\apache-maven-3.3.3"/>
    <property name="file.separator" value="\"/>
    <property name="java.vendor.url.bug" value="http://bugreport.sun.com/bugreport/"/>
    <property name="sun.cpu.endian" value="little"/>
    <property name="sun.io.unicode.encoding" value="UnicodeLittle"/>
    <property name="sun.stdout.encoding" value="cp866"/>
    <property name="sun.desktop" value="windows"/>
    <property name="sun.cpu.isalist" value="amd64"/>
  </properties>
  <testcase classname="tests.GmailLoginTest" name="CheckingLetter" time="54.741">
    <failure message="User name from page  is different from model testmail8601@gmail.com" type="java.lang.AssertionError">java.lang.AssertionError: User name from page  is different from model testmail8601@gmail.com
	at steps.LetterSteps.login(LetterSteps.java:26)
	at tests.GmailLoginTest.CheckingLetter(GmailLoginTest.java:52)
</failure>
    <system-out>java.lang.AssertionError: User name from page  is different from model testmail8601@gmail.com
</system-out>
    <system-err>[main] INFO net.thucydides.core.util.PropertiesFileLocalPreferences - LOADING LOCAL PROPERTIES FROM C:\Users\Nazar\workspace\CelesioEMTA\serenity.properties 
[main] INFO net.thucydides.core.util.PropertiesFileLocalPreferences - serenity.reports.url=http://vm208736:8080/job/EMTA_Automation_Tests
[main] INFO net.thucydides.core.util.PropertiesFileLocalPreferences - jira.password=Osmoloda2931517
[main] INFO net.thucydides.core.util.PropertiesFileLocalPreferences - serenity.take.screenshots=AFTER_EACH_STEP
[main] INFO net.thucydides.core.util.PropertiesFileLocalPreferences - jira.url=https://jira.softserveinc.com
[main] INFO net.thucydides.core.util.PropertiesFileLocalPreferences - jira.username=rtret
[main] INFO net.thucydides.core.util.PropertiesFileLocalPreferences - LOADING LOCAL PROPERTIES FROM C:\Users\Nazar\workspace\CelesioEMTA\serenity.properties 
[main] INFO net.serenitybdd.core.Serenity - 

-------------------------------------------------------------------------------------
     _______. _______ .______       _______ .__   __.  __  .___________.____    ____ 
    /       ||   ____||   _  \     |   ____||  \ |  | |  | |           |\   \  /   / 
   |   (----`|  |__   |  |_)  |    |  |__   |   \|  | |  | `---|  |----` \   \/   /  
    \   \    |   __|  |      /     |   __|  |  . `  | |  |     |  |       \_    _/   
.----)   |   |  |____ |  |\  \----.|  |____ |  |\   | |  |     |  |         |  |     
|_______/    |_______|| _| `._____||_______||__| \__| |__|     |__|         |__|    
-------------------------------------------------------------------------------------

[main] INFO net.thucydides.core.util.PropertiesFileLocalPreferences - LOADING LOCAL PROPERTIES FROM C:\Users\Nazar\workspace\CelesioEMTA\serenity.properties 
[main] INFO net.thucydides.core.util.PropertiesFileLocalPreferences - LOADING LOCAL PROPERTIES FROM C:\Users\Nazar\workspace\CelesioEMTA\serenity.properties 
[main] INFO net.thucydides.core.util.PropertiesFileLocalPreferences - LOADING LOCAL PROPERTIES FROM C:\Users\Nazar\workspace\CelesioEMTA\serenity.properties 
[main] INFO net.thucydides.core.util.PropertiesFileLocalPreferences - serenity.reports.url=http://vm208736:8080/job/EMTA_Automation_Tests
[main] INFO net.thucydides.core.util.PropertiesFileLocalPreferences - jira.password=Osmoloda2931517
[main] INFO net.thucydides.core.util.PropertiesFileLocalPreferences - serenity.take.screenshots=AFTER_EACH_STEP
[main] INFO net.thucydides.core.util.PropertiesFileLocalPreferences - jira.url=https://jira.softserveinc.com
[main] INFO net.thucydides.core.util.PropertiesFileLocalPreferences - jira.username=rtret
[main] INFO net.thucydides.core.util.PropertiesFileLocalPreferences - LOADING LOCAL PROPERTIES FROM C:\Users\Nazar\workspace\CelesioEMTA\serenity.properties 
[main] INFO net.thucydides.core.util.PropertiesFileLocalPreferences - LOADING LOCAL PROPERTIES FROM C:\Users\Nazar\workspace\CelesioEMTA\serenity.properties 
[main] INFO net.thucydides.core.util.PropertiesFileLocalPreferences - LOADING LOCAL PROPERTIES FROM C:\Users\Nazar\workspace\CelesioEMTA\serenity.properties 
[main] INFO net.thucydides.core.steps.StepEventBus - Registering custom listener net.serenitybdd.plugins.jira.JiraListener@7103cb56
[main] INFO net.serenitybdd.core.Serenity - Test Suite Started: Gmail login test
[main] INFO net.serenitybdd.core.Serenity - 
  _____ _____ ____ _____   ____ _____  _    ____ _____ _____ ____  
 |_   _| ____/ ___|_   _| / ___|_   _|/ \  |  _ \_   _| ____|  _ \ 
   | | |  _| \___ \ | |   \___ \ | | / _ \ | |_) || | |  _| | | | |
   | | | |___ ___) || |    ___) || |/ ___ \|  _ &lt; | | | |___| |_| |
   |_| |_____|____/ |_|   |____/ |_/_/   \_\_| \_\|_| |_____|____/ 
                                                                   

TEST STARTED: CheckingLetter
--------------------------------------------------------------------
[main] INFO net.serenitybdd.core.Serenity - TEST NUMBER: 1
[main] INFO net.thucydides.core.steps.StepInterceptor - STARTING STEP: GmailLoginTest.myTest - openGmail
[main] INFO net.thucydides.core.steps.StepInterceptor - STEP DONE: openGmail
[main] INFO net.thucydides.core.steps.StepInterceptor - STARTING STEP: GmailLoginTest.CheckingLetter - login
[main] INFO steps.LetterSteps - Test Logger
[main] INFO net.thucydides.core.steps.StepInterceptor - STEP FAILED: login - User name from page  is different from model testmail8601@gmail.com
[main] INFO net.thucydides.core.steps.StepInterceptor - SKIPPED STEP: openLetter
[main] INFO net.thucydides.core.steps.StepInterceptor - SKIPPED STEP: checkLetterContent
[main] INFO net.serenitybdd.core.Serenity - 
           __  _____ _____ ____ _____   _____ _    ___ _     _____ ____  
  _       / / |_   _| ____/ ___|_   _| |  ___/ \  |_ _| |   | ____|  _ \ 
 (_)_____| |    | | |  _| \___ \ | |   | |_ / _ \  | || |   |  _| | | | |
  _|_____| |    | | | |___ ___) || |   |  _/ ___ \ | || |___| |___| |_| |
 (_)     | |    |_| |_____|____/ |_|   |_|/_/   \_\___|_____|_____|____/ 
          \_\                                                            

TEST FAILED: CheckingLetter
--------------------------------------------------------------------------
[main] INFO net.serenitybdd.core.Serenity - RELATED ISSUES: CEMTA-35
[main] INFO net.serenitybdd.core.Serenity - 
  _____ _    ___ _     _   _ ____  _____ 
 |  ___/ \  |_ _| |   | | | |  _ \| ____|
 | |_ / _ \  | || |   | | | | |_) |  _|  
 |  _/ ___ \ | || |___| |_| |  _ &lt;| |___ 
 |_|/_/   \_\___|_____|\___/|_| \_\_____|
                                         

User name from page  is different from model testmail8601@gmail.com
</system-err>
  </testcase>
  <testcase classname="tests.GmailLoginTest" name="LoginTest" time="36.628">
    <failure message="User name from page  is different from model testmail8601@gmail.com" type="java.lang.AssertionError">java.lang.AssertionError: User name from page  is different from model testmail8601@gmail.com
	at steps.LetterSteps.login(LetterSteps.java:26)
	at tests.GmailLoginTest.LoginTest(GmailLoginTest.java:46)
</failure>
    <system-out>java.lang.AssertionError: User name from page  is different from model testmail8601@gmail.com
</system-out>
    <system-err>[main] INFO net.serenitybdd.core.Serenity - Test Suite Started: Gmail login test
[main] INFO net.serenitybdd.core.Serenity - 
  _____ _____ ____ _____   ____ _____  _    ____ _____ _____ ____  
 |_   _| ____/ ___|_   _| / ___|_   _|/ \  |  _ \_   _| ____|  _ \ 
   | | |  _| \___ \ | |   \___ \ | | / _ \ | |_) || | |  _| | | | |
   | | | |___ ___) || |    ___) || |/ ___ \|  _ &lt; | | | |___| |_| |
   |_| |_____|____/ |_|   |____/ |_/_/   \_\_| \_\|_| |_____|____/ 
                                                                   

TEST STARTED: LoginTest
--------------------------------------------------------------------
[main] INFO net.serenitybdd.core.Serenity - TEST NUMBER: 2
[main] INFO net.thucydides.core.steps.StepInterceptor - STARTING STEP: GmailLoginTest.myTest - openGmail
[main] INFO net.thucydides.core.steps.StepInterceptor - STEP DONE: openGmail
[main] INFO net.thucydides.core.steps.StepInterceptor - STARTING STEP: GmailLoginTest.LoginTest - login
[main] INFO steps.LetterSteps - Test Logger
[main] INFO net.thucydides.core.steps.StepInterceptor - STEP FAILED: login - User name from page  is different from model testmail8601@gmail.com
[main] INFO net.serenitybdd.core.Serenity - 
           __  _____ _____ ____ _____   _____ _    ___ _     _____ ____  
  _       / / |_   _| ____/ ___|_   _| |  ___/ \  |_ _| |   | ____|  _ \ 
 (_)_____| |    | | |  _| \___ \ | |   | |_ / _ \  | || |   |  _| | | | |
  _|_____| |    | | | |___ ___) || |   |  _/ ___ \ | || |___| |___| |_| |
 (_)     | |    |_| |_____|____/ |_|   |_|/_/   \_\___|_____|_____|____/ 
          \_\                                                            

TEST FAILED: Login to Gmail
--------------------------------------------------------------------------
[main] INFO net.serenitybdd.core.Serenity - RELATED ISSUES: CEMTA-35
[main] INFO net.serenitybdd.core.Serenity - 
  _____ _    ___ _     _   _ ____  _____ 
 |  ___/ \  |_ _| |   | | | |  _ \| ____|
 | |_ / _ \  | || |   | | | | |_) |  _|  
 |  _/ ___ \ | || |___| |_| |  _ &lt;| |___ 
 |_|/_/   \_\___|_____|\___/|_| \_\_____|
                                         

User name from page  is different from model testmail8601@gmail.com
</system-err>
  </testcase>
</testsuite>